<?xml version="1.0" encoding="UTF-8"?>
<!-- Generated by org.testng.reporters.JUnitXMLReporter -->
<testsuite ignored="0" hostname="DESKTOP-QVVDLSQ" failures="1" tests="7" name="MotorCycle-PracticalPage" time="195.753" errors="0" timestamp="2023-08-21T15:49:44 IST">
  <testcase classname="motorcycleModule.Motorcycles_PracticalPage" name="TC_001_motorcycles_practicle_banner" time="12.481"/>
  <testcase classname="motorcycleModule.Motorcycles_PracticalPage" name="TC_002_Verify_HF_100_Motercycle" time="23.637"/>
  <testcase classname="motorcycleModule.Motorcycles_PracticalPage" name="TC_003_Verify_HF_Deluxe_Motercycle" time="27.786"/>
  <testcase classname="motorcycleModule.Motorcycles_PracticalPage" name="TC_004_Verify_splendor_plus_Motercycle" time="25.837"/>
  <testcase classname="motorcycleModule.Motorcycles_PracticalPage" name="TC_005_Verify_splendorXTec_Motorcycle" time="13.703"/>
  <testcase classname="motorcycleModule.Motorcycles_PracticalPage" name="TC_006_PracticalSection_clickAllBikes" time="23.002"/>
  <testcase classname="motorcycleModule.Motorcycles_PracticalPage" name="TC_007_Practical_all_Links" time="58.891">
    <failure type="org.openqa.selenium.TimeoutException" message="Expected condition failed: waiting for visibility of [[ChromeDriver: chrome on WINDOWS (e8b124307ab07bfb4c90eca073fbb688)] -&amp;gt; xpath: //div[@class=&amp;apos;megamenu-option-box&amp;apos;]//p[contains(text(), &amp;apos;HF DELUXE &amp;apos;)]//span] (tried for 30 second(s) with 500 milliseconds interval)
Build info: version: &amp;apos;3.141.59&amp;apos;, revision: &amp;apos;e82be7d358&amp;apos;, time: &amp;apos;2018-11-14T08:17:03&amp;apos;
System info: host: &amp;apos;DESKTOP-QVVDLSQ&amp;apos;, ip: &amp;apos;192.168.1.101&amp;apos;, os.name: &amp;apos;Windows 10&amp;apos;, os.arch: &amp;apos;amd64&amp;apos;, os.version: &amp;apos;10.0&amp;apos;, java.version: &amp;apos;17.0.6&amp;apos;
Driver info: org.openqa.selenium.chrome.ChromeDriver
Capabilities {acceptInsecureCerts: false, browserName: chrome, browserVersion: 115.0.5790.173, chrome: {chromedriverVersion: 114.0.5735.90 (386bc09e8f4f..., userDataDir: C:\Users\Welcome\AppData\Lo...}, goog:chromeOptions: {debuggerAddress: localhost:64979}, javascriptEnabled: true, networkConnectionEnabled: false, pageLoadStrategy: normal, platform: WINDOWS, platformName: WINDOWS, proxy: Proxy(), setWindowRect: true, strictFileInteractability: false, timeouts: {implicit: 0, pageLoad: 300000, script: 30000}, unhandledPromptBehavior: dismiss and notify, webauthn:extension:credBlob: true, webauthn:extension:largeBlob: true, webauthn:extension:minPinLength: true, webauthn:extension:prf: true, webauthn:virtualAuthenticators: true}
Session ID: e8b124307ab07bfb4c90eca073fbb688">
      <![CDATA[org.openqa.selenium.TimeoutException: Expected condition failed: waiting for visibility of [[ChromeDriver: chrome on WINDOWS (e8b124307ab07bfb4c90eca073fbb688)] -> xpath: //div[@class='megamenu-option-box']//p[contains(text(), 'HF DELUXE ')]//span] (tried for 30 second(s) with 500 milliseconds interval)
Build info: version: '3.141.59', revision: 'e82be7d358', time: '2018-11-14T08:17:03'
System info: host: 'DESKTOP-QVVDLSQ', ip: '192.168.1.101', os.name: 'Windows 10', os.arch: 'amd64', os.version: '10.0', java.version: '17.0.6'
Driver info: org.openqa.selenium.chrome.ChromeDriver
Capabilities {acceptInsecureCerts: false, browserName: chrome, browserVersion: 115.0.5790.173, chrome: {chromedriverVersion: 114.0.5735.90 (386bc09e8f4f..., userDataDir: C:\Users\Welcome\AppData\Lo...}, goog:chromeOptions: {debuggerAddress: localhost:64979}, javascriptEnabled: true, networkConnectionEnabled: false, pageLoadStrategy: normal, platform: WINDOWS, platformName: WINDOWS, proxy: Proxy(), setWindowRect: true, strictFileInteractability: false, timeouts: {implicit: 0, pageLoad: 300000, script: 30000}, unhandledPromptBehavior: dismiss and notify, webauthn:extension:credBlob: true, webauthn:extension:largeBlob: true, webauthn:extension:minPinLength: true, webauthn:extension:prf: true, webauthn:virtualAuthenticators: true}
Session ID: e8b124307ab07bfb4c90eca073fbb688
at org.openqa.selenium.support.ui.WebDriverWait.timeoutException(WebDriverWait.java:95)
at org.openqa.selenium.support.ui.FluentWait.until(FluentWait.java:272)
at com.utility.base_class.Wait(base_class.java:267)
at motorcycleModule.Motorcycles_PracticalPage.TC_007_Practical_all_Links(Motorcycles_PracticalPage.java:282)
at java.base/java.util.ArrayList.forEach(ArrayList.java:1511)
... Removed 27 stack frames]]>
    </failure>
  </testcase> <!-- TC_007_Practical_all_Links -->
</testsuite> <!-- MotorCycle-PracticalPage -->
