<?xml version="1.0" encoding="UTF-8"?>
<!-- Generated by org.testng.reporters.JUnitXMLReporter -->
<testsuite ignored="0" hostname="DESKTOP-QVVDLSQ" failures="1" tests="10" name="MotorCycle-Exe-SuperSplendor Xtec" time="240.152" errors="0" timestamp="2023-07-04T15:40:19 IST">
  <testcase classname="motorcycleModule.Executive_ProductPage_SuperSplendorXtec" name="Executive_productPage_SSpXtec" time="1.851"/>
  <testcase classname="motorcycleModule.Executive_ProductPage_SuperSplendorXtec" name="TC_073_SuperSplendorXTec_RequestCallback" time="23.463"/>
  <testcase classname="motorcycleModule.Executive_ProductPage_SuperSplendorXtec" name="TC_069_SuperSplendorXTec_Specification" time="15.734"/>
  <testcase classname="motorcycleModule.Executive_ProductPage_SuperSplendorXtec" name="TC_070_SuperSplendorXTec_Price" time="54.359"/>
  <testcase classname="motorcycleModule.Executive_ProductPage_SuperSplendorXtec" name="TC_071_SuperSplendorXTec_Compare" time="21.281"/>
  <testcase classname="motorcycleModule.Executive_ProductPage_SuperSplendorXtec" name="TC_072_SuperSplendorXTec_Find_A_Dealer" time="89.794">
    <failure type="org.openqa.selenium.TimeoutException" message="Expected condition failed: waiting for visibility of Proxy element for: DefaultElementLocator &amp;apos;By.xpath: //form[@class=&amp;apos;near-you-form&amp;apos;]//a[normalize-space()=&amp;apos;gurgaon&amp;apos;]&amp;apos; (tried for 30 second(s) with 500 milliseconds interval)">
      <![CDATA[org.openqa.selenium.TimeoutException: Expected condition failed: waiting for visibility of Proxy element for: DefaultElementLocator 'By.xpath: //form[@class='near-you-form']//a[normalize-space()='gurgaon']' (tried for 30 second(s) with 500 milliseconds interval)
at org.openqa.selenium.support.ui.WebDriverWait.timeoutException(WebDriverWait.java:95)
at org.openqa.selenium.support.ui.FluentWait.until(FluentWait.java:272)
at com.utility.base_class.Wait(base_class.java:267)
at motorcycleModule.Executive_ProductPage_SuperSplendorXtec.TC_072_SuperSplendorXTec_Find_A_Dealer(Executive_ProductPage_SuperSplendorXtec.java:234)
at java.base/java.util.ArrayList.forEach(ArrayList.java:1511)
Caused by: org.openqa.selenium.NoSuchElementException: no such element: Unable to locate element: {"method":"xpath","selector":"//form[@class='near-you-form']//a[normalize-space()='gurgaon']"}
  (Session info: chrome=114.0.5735.199)
For documentation on this error, please visit: https://www.seleniumhq.org/exceptions/no_such_element.html
Build info: version: '3.141.59', revision: 'e82be7d358', time: '2018-11-14T08:17:03'
System info: host: 'DESKTOP-QVVDLSQ', ip: '192.168.1.105', os.name: 'Windows 10', os.arch: 'amd64', os.version: '10.0', java.version: '17.0.6'
Driver info: org.openqa.selenium.chrome.ChromeDriver
Capabilities {acceptInsecureCerts: false, browserName: chrome, browserVersion: 114.0.5735.199, chrome: {chromedriverVersion: 114.0.5735.90 (386bc09e8f4f..., userDataDir: C:\Users\Welcome\AppData\Lo...}, goog:chromeOptions: {debuggerAddress: localhost:56280}, javascriptEnabled: true, networkConnectionEnabled: false, pageLoadStrategy: normal, platform: WINDOWS, platformName: WINDOWS, proxy: Proxy(), setWindowRect: true, strictFileInteractability: false, timeouts: {implicit: 0, pageLoad: 300000, script: 30000}, unhandledPromptBehavior: dismiss and notify, webauthn:extension:credBlob: true, webauthn:extension:largeBlob: true, webauthn:extension:minPinLength: true, webauthn:extension:prf: true, webauthn:virtualAuthenticators: true}
Session ID: 0643759c1fc071600c52437879f1c941
*** Element info: {Using=xpath, value=//form[@class='near-you-form']//a[normalize-space()='gurgaon']}
at org.openqa.selenium.remote.http.W3CHttpResponseCodec.createException(W3CHttpResponseCodec.java:187)
at org.openqa.selenium.remote.http.W3CHttpResponseCodec.decode(W3CHttpResponseCodec.java:122)
at org.openqa.selenium.remote.http.W3CHttpResponseCodec.decode(W3CHttpResponseCodec.java:49)
at org.openqa.selenium.remote.HttpCommandExecutor.execute(HttpCommandExecutor.java:158)
at org.openqa.selenium.remote.service.DriverCommandExecutor.execute(DriverCommandExecutor.java:83)
at org.openqa.selenium.remote.RemoteWebDriver.execute(RemoteWebDriver.java:552)
at org.openqa.selenium.remote.RemoteWebDriver.findElement(RemoteWebDriver.java:323)
at org.openqa.selenium.remote.RemoteWebDriver.findElementByXPath(RemoteWebDriver.java:428)
at org.openqa.selenium.By$ByXPath.findElement(By.java:353)
at org.openqa.selenium.remote.RemoteWebDriver.findElement(RemoteWebDriver.java:315)
at org.openqa.selenium.support.pagefactory.DefaultElementLocator.findElement(DefaultElementLocator.java:69)
at org.openqa.selenium.support.pagefactory.internal.LocatingElementHandler.invoke(LocatingElementHandler.java:38)
at jdk.proxy2/jdk.proxy2.$Proxy31.isDisplayed(Unknown Source)
at org.openqa.selenium.support.ui.ExpectedConditions.elementIfVisible(ExpectedConditions.java:314)
at org.openqa.selenium.support.ui.ExpectedConditions.access$000(ExpectedConditions.java:43)
at org.openqa.selenium.support.ui.ExpectedConditions$10.apply(ExpectedConditions.java:300)
at org.openqa.selenium.support.ui.ExpectedConditions$10.apply(ExpectedConditions.java:297)
at org.openqa.selenium.support.ui.FluentWait.until(FluentWait.java:249)
... 30 more
... Removed 32 stack frames]]>
    </failure>
  </testcase> <!-- TC_072_SuperSplendorXTec_Find_A_Dealer -->
  <testcase classname="motorcycleModule.Executive_ProductPage_SuperSplendorXtec" name="TC_068_SuperSplendorXTec_Features" time="2.248"/>
  <testcase classname="motorcycleModule.Executive_ProductPage_SuperSplendorXtec" name="TC_074_SuperSplendorXTec_Colours_360View" time="10.191"/>
  <testcase classname="motorcycleModule.Executive_ProductPage_SuperSplendorXtec" name="TC_075_EXE_SuperSplendorXTec_Book_A_Test_Ride" time="4.937"/>
  <testcase classname="motorcycleModule.Executive_ProductPage_SuperSplendorXtec" name="TC_076_EXE_SuperSplendorXTec_EshopLinks" time="12.665"/>
</testsuite> <!-- MotorCycle-Exe-SuperSplendor Xtec -->
