<?xml version="1.0" encoding="UTF-8"?>
<!-- Generated by org.testng.reporters.JUnitXMLReporter -->
<testsuite ignored="2" hostname="DESKTOP-QVVDLSQ" failures="1" tests="15" name="MotorCycle-Perfromance-all classes" time="394.079" errors="0" timestamp="2023-10-30T12:33:38 IST">
  <testcase classname="motorcycleModule.Motorcycle_PerformanceSection" name="PerformnaceSection_links" time="1.528"/>
  <testcase classname="motorcycleModule.Motorcycle_PerformanceSection" name="TC_122_PerformanceSection_ClickAllBikes" time="79.214"/>
  <testcase classname="motorcycleModule.Motorcycle_PerformanceSection" name="TC_125_PerformanceCategPage_Xtreme160R" time="27.397"/>
  <testcase classname="motorcycleModule.Motorcycle_PerformanceSection" name="TC_124_PerformanceCategPage_XPulse2004V" time="40.521"/>
  <testcase classname="motorcycleModule.Motorcycle_PerformanceSection" name="TC_126_PerformanceCategPage_XPulse200T4V" time="20.92"/>
  <testcase classname="motorcycleModule.Motorcycle_PerformanceSection" name="TC_127_PerformanceCategPage_Xtreme200S4V" time="28.397"/>
  <testcase classname="motorcycleModule.Motorcycle_PerformanceSection" name="TC_123_PerformanceCateg_AllLinks" time="87.389">
    <failure type="org.openqa.selenium.TimeoutException" message="Expected condition failed: waiting for visibility of Proxy element for: DefaultElementLocator &amp;apos;By.xpath: (//a[@href=&amp;apos;https://eshop.heromotocorp.com/accessories-miscellaneous.html&amp;apos;])[2]&amp;apos; (tried for 30 second(s) with 500 milliseconds interval)">
      <![CDATA[org.openqa.selenium.TimeoutException: Expected condition failed: waiting for visibility of Proxy element for: DefaultElementLocator 'By.xpath: (//a[@href='https://eshop.heromotocorp.com/accessories-miscellaneous.html'])[2]' (tried for 30 second(s) with 500 milliseconds interval)
at org.openqa.selenium.support.ui.WebDriverWait.timeoutException(WebDriverWait.java:95)
at org.openqa.selenium.support.ui.FluentWait.until(FluentWait.java:272)
at com.utility.base_class.Wait(base_class.java:287)
at motorcycleModule.Motorcycle_PerformanceSection.TC_123_PerformanceCateg_AllLinks(Motorcycle_PerformanceSection.java:84)
at java.base/java.util.ArrayList.forEach(ArrayList.java:1511)
Caused by: org.openqa.selenium.NoSuchElementException: no such element: Unable to locate element: {"method":"xpath","selector":"(//a[@href='https://eshop.heromotocorp.com/accessories-miscellaneous.html'])[2]"}
  (Session info: chrome=118.0.5993.118)
For documentation on this error, please visit: https://www.seleniumhq.org/exceptions/no_such_element.html
Build info: version: '3.141.59', revision: 'e82be7d358', time: '2018-11-14T08:17:03'
System info: host: 'DESKTOP-QVVDLSQ', ip: '192.168.1.102', os.name: 'Windows 10', os.arch: 'amd64', os.version: '10.0', java.version: '17.0.6'
Driver info: org.openqa.selenium.chrome.ChromeDriver
Capabilities {acceptInsecureCerts: false, browserName: chrome, browserVersion: 118.0.5993.118, chrome: {chromedriverVersion: 118.0.5993.70 (e52f33f30b91..., userDataDir: C:\Users\Welcome\AppData\Lo...}, fedcm:accounts: true, goog:chromeOptions: {debuggerAddress: localhost:51220}, javascriptEnabled: true, networkConnectionEnabled: false, pageLoadStrategy: normal, platform: WINDOWS, platformName: WINDOWS, proxy: Proxy(), setWindowRect: true, strictFileInteractability: false, timeouts: {implicit: 0, pageLoad: 300000, script: 30000}, unhandledPromptBehavior: dismiss and notify, webauthn:extension:credBlob: true, webauthn:extension:largeBlob: true, webauthn:extension:minPinLength: true, webauthn:extension:prf: true, webauthn:virtualAuthenticators: true}
Session ID: 28049802be9cfeae17833bce5af42106
*** Element info: {Using=xpath, value=(//a[@href='https://eshop.heromotocorp.com/accessories-miscellaneous.html'])[2]}
at org.openqa.selenium.remote.http.W3CHttpResponseCodec.createException(W3CHttpResponseCodec.java:187)
at org.openqa.selenium.remote.http.W3CHttpResponseCodec.decode(W3CHttpResponseCodec.java:122)
at org.openqa.selenium.remote.http.W3CHttpResponseCodec.decode(W3CHttpResponseCodec.java:49)
at org.openqa.selenium.remote.HttpCommandExecutor.execute(HttpCommandExecutor.java:158)
at org.openqa.selenium.remote.service.DriverCommandExecutor.execute(DriverCommandExecutor.java:83)
at org.openqa.selenium.remote.RemoteWebDriver.execute(RemoteWebDriver.java:552)
at org.openqa.selenium.remote.RemoteWebDriver.findElement(RemoteWebDriver.java:323)
at org.openqa.selenium.remote.RemoteWebDriver.findElementByXPath(RemoteWebDriver.java:428)
at org.openqa.selenium.By$ByXPath.findElement(By.java:353)
at org.openqa.selenium.remote.RemoteWebDriver.findElement(RemoteWebDriver.java:315)
at org.openqa.selenium.support.pagefactory.DefaultElementLocator.findElement(DefaultElementLocator.java:69)
at org.openqa.selenium.support.pagefactory.internal.LocatingElementHandler.invoke(LocatingElementHandler.java:38)
at jdk.proxy2/jdk.proxy2.$Proxy32.isDisplayed(Unknown Source)
at org.openqa.selenium.support.ui.ExpectedConditions.elementIfVisible(ExpectedConditions.java:314)
at org.openqa.selenium.support.ui.ExpectedConditions.access$000(ExpectedConditions.java:43)
at org.openqa.selenium.support.ui.ExpectedConditions$10.apply(ExpectedConditions.java:300)
at org.openqa.selenium.support.ui.ExpectedConditions$10.apply(ExpectedConditions.java:297)
at org.openqa.selenium.support.ui.FluentWait.until(FluentWait.java:249)
... 30 more
... Removed 32 stack frames]]>
    </failure>
  </testcase> <!-- TC_123_PerformanceCateg_AllLinks -->
  <testcase classname="motorcycleModule.Perfromance_ProductPage_XTreme200S4V" name="Performance_productPage_XTreme200S4V" time="2.476"/>
  <testcase classname="motorcycleModule.Perfromance_ProductPage_XTreme200S4V" name="TC_149_XTreme200S4V_OverView" time="10.111"/>
  <testcase classname="motorcycleModule.Perfromance_ProductPage_XTreme200S4V" name="TC_150_XTreme200S4V_Specification" time="1.315"/>
  <testcase classname="motorcycleModule.Perfromance_ProductPage_XTreme200S4V" name="TC_151_XTreme200S4V_Features" time="7.302"/>
  <testcase classname="motorcycleModule.Perfromance_ProductPage_XTreme200S4V" name="TC_152_XTreme200S4V_Price" time="30.245"/>
  <testcase classname="motorcycleModule.Perfromance_ProductPage_XTreme200S4V" name="TC_153_XTreme200S4V_Find_A_Dealer" time="17.453"/>
  <testcase classname="motorcycleModule.Perfromance_ProductPage_XTreme200S4V" name="TC_154_XTreme200S4V_Book_A_TestRide" time="5.262"/>
  <testcase classname="motorcycleModule.Perfromance_ProductPage_XTreme200S4V" name="TC_155_XTreme200S4V_Eshoplinks" time="17.661"/>
  <testcase classname="com.utility.base_class" name="@BeforeTest getlaunchURL" time="0.0">
    <ignored/>
  </testcase> <!-- @BeforeTest getlaunchURL -->
  <testcase classname="com.utility.base_class" name="@AfterTest tearDown" time="0.0">
    <ignored/>
  </testcase> <!-- @AfterTest tearDown -->
</testsuite> <!-- MotorCycle-Perfromance-all classes -->
