<html>
<head>
<title>TestNG:  MotorCycle-Perfromance-all classes</title>
<link href="../testng.css" rel="stylesheet" type="text/css" />
<link href="../my-testng.css" rel="stylesheet" type="text/css" />

<style type="text/css">
.log { display: none;} 
.stack-trace { display: none;} 
</style>
<script type="text/javascript">
<!--
function flip(e) {
  current = e.style.display;
  if (current == 'block') {
    e.style.display = 'none';
    return 0;
  }
  else {
    e.style.display = 'block';
    return 1;
  }
}

function toggleBox(szDivId, elem, msg1, msg2)
{
  var res = -1;  if (document.getElementById) {
    res = flip(document.getElementById(szDivId));
  }
  else if (document.all) {
    // this is the way old msie versions work
    res = flip(document.all[szDivId]);
  }
  if(elem) {
    if(res == 0) elem.innerHTML = msg1; else elem.innerHTML = msg2;
  }

}

function toggleAllBoxes() {
  if (document.getElementsByTagName) {
    d = document.getElementsByTagName('div');
    for (i = 0; i < d.length; i++) {
      if (d[i].className == 'log') {
        flip(d[i]);
      }
    }
  }
}

// -->
</script>

</head>
<body>
<h2 align='center'>MotorCycle-Perfromance-all classes</h2><table border='1' align="center">
<tr>
<td>Tests passed/Failed/Skipped:</td><td>14/1/0</td>
</tr><tr>
<td>Started on:</td><td>Mon Oct 30 12:27:03 IST 2023</td>
</tr>
<tr><td>Total time:</td><td>394 seconds (394079 ms)</td>
</tr><tr>
<td>Included groups:</td><td></td>
</tr><tr>
<td>Excluded groups:</td><td></td>
</tr>
</table><p/>
<small><i>(Hover the method name to see the test class name)</i></small><p/>
<table width='100%' border='1' class='invocation-failed'>
<tr><td colspan='4' align='center'><b>FAILED TESTS</b></td></tr>
<tr><td><b>Test method</b></td>
<td width="30%"><b>Exception</b></td>
<td width="10%"><b>Time (seconds)</b></td>
<td><b>Instance</b></td>
</tr>
<tr>
<td title='motorcycleModule.Motorcycle_PerformanceSection.TC_123_PerformanceCateg_AllLinks()'><b>TC_123_PerformanceCateg_AllLinks</b><br>Test class: motorcycleModule.Motorcycle_PerformanceSection</td>
<td><div><pre>org.openqa.selenium.TimeoutException: Expected condition failed: waiting for visibility of Proxy element for: DefaultElementLocator &apos;By.xpath: (//a[@href=&apos;https://eshop.heromotocorp.com/accessories-miscellaneous.html&apos;])[2]&apos; (tried for 30 second(s) with 500 milliseconds interval)
	at org.openqa.selenium.support.ui.WebDriverWait.timeoutException(WebDriverWait.java:95)
	at org.openqa.selenium.support.ui.FluentWait.until(FluentWait.java:272)
	at com.utility.base_class.Wait(base_class.java:287)
	at motorcycleModule.Motorcycle_PerformanceSection.TC_123_PerformanceCateg_AllLinks(Motorcycle_PerformanceSection.java:84)
	at java.base/java.util.ArrayList.forEach(ArrayList.java:1511)
Caused by: org.openqa.selenium.NoSuchElementException: no such element: Unable to locate element: {&quot;method&quot;:&quot;xpath&quot;,&quot;selector&quot;:&quot;(//a[@href=&apos;https://eshop.heromotocorp.com/accessories-miscellaneous.html&apos;])[2]&quot;}
  (Session info: chrome=118.0.5993.118)
For documentation on this error, please visit: https://www.seleniumhq.org/exceptions/no_such_element.html
Build info: version: &apos;3.141.59&apos;, revision: &apos;e82be7d358&apos;, time: &apos;2018-11-14T08:17:03&apos;
System info: host: &apos;DESKTOP-QVVDLSQ&apos;, ip: &apos;192.168.1.102&apos;, os.name: &apos;Windows 10&apos;, os.arch: &apos;amd64&apos;, os.version: &apos;10.0&apos;, java.version: &apos;17.0.6&apos;
Driver info: org.openqa.selenium.chrome.ChromeDriver
Capabilities {acceptInsecureCerts: false, browserName: chrome, browserVersion: 118.0.5993.118, chrome: {chromedriverVersion: 118.0.5993.70 (e52f33f30b91..., userDataDir: C:\Users\Welcome\AppData\Lo...}, fedcm:accounts: true, goog:chromeOptions: {debuggerAddress: localhost:51220}, javascriptEnabled: true, networkConnectionEnabled: false, pageLoadStrategy: normal, platform: WINDOWS, platformName: WINDOWS, proxy: Proxy(), setWindowRect: true, strictFileInteractability: false, timeouts: {implicit: 0, pageLoad: 300000, script: 30000}, unhandledPromptBehavior: dismiss and notify, webauthn:extension:credBlob: true, webauthn:extension:largeBlob: true, webauthn:extension:minPinLength: true, webauthn:extension:prf: true, webauthn:virtualAuthenticators: true}
Session ID: 28049802be9cfeae17833bce5af42106
*** Element info: {Using=xpath, value=(//a[@href=&apos;https://eshop.heromotocorp.com/accessories-miscellaneous.html&apos;])[2]}
	at org.openqa.selenium.remote.http.W3CHttpResponseCodec.createException(W3CHttpResponseCodec.java:187)
	at org.openqa.selenium.remote.http.W3CHttpResponseCodec.decode(W3CHttpResponseCodec.java:122)
	at org.openqa.selenium.remote.http.W3CHttpResponseCodec.decode(W3CHttpResponseCodec.java:49)
	at org.openqa.selenium.remote.HttpCommandExecutor.execute(HttpCommandExecutor.java:158)
	at org.openqa.selenium.remote.service.DriverCommandExecutor.execute(DriverCommandExecutor.java:83)
	at org.openqa.selenium.remote.RemoteWebDriver.execute(RemoteWebDriver.java:552)
	at org.openqa.selenium.remote.RemoteWebDriver.findElement(RemoteWebDriver.java:323)
	at org.openqa.selenium.remote.RemoteWebDriver.findElementByXPath(RemoteWebDriver.java:428)
	at org.openqa.selenium.By$ByXPath.findElement(By.java:353)
	at org.openqa.selenium.remote.RemoteWebDriver.findElement(RemoteWebDriver.java:315)
	at org.openqa.selenium.support.pagefactory.DefaultElementLocator.findElement(DefaultElementLocator.java:69)
	at org.openqa.selenium.support.pagefactory.internal.LocatingElementHandler.invoke(LocatingElementHandler.java:38)
	at jdk.proxy2/jdk.proxy2.$Proxy32.isDisplayed(Unknown Source)
	at org.openqa.selenium.support.ui.ExpectedConditions.elementIfVisible(ExpectedConditions.java:314)
	at org.openqa.selenium.support.ui.ExpectedConditions.access$000(ExpectedConditions.java:43)
	at org.openqa.selenium.support.ui.ExpectedConditions$10.apply(ExpectedConditions.java:300)
	at org.openqa.selenium.support.ui.ExpectedConditions$10.apply(ExpectedConditions.java:297)
	at org.openqa.selenium.support.ui.FluentWait.until(FluentWait.java:249)
	... 30 more
... Removed 32 stack frames</pre></div><a href='#' onClick='toggleBox("stack-trace437255067", this, "Click to show all stack frames", "Click to hide stack frames")'>Click to show all stack frames</a>
<div class='stack-trace' id='stack-trace437255067'><pre>org.openqa.selenium.TimeoutException: Expected condition failed: waiting for visibility of Proxy element for: DefaultElementLocator &apos;By.xpath: (//a[@href=&apos;https://eshop.heromotocorp.com/accessories-miscellaneous.html&apos;])[2]&apos; (tried for 30 second(s) with 500 milliseconds interval)
	at org.openqa.selenium.support.ui.WebDriverWait.timeoutException(WebDriverWait.java:95)
	at org.openqa.selenium.support.ui.FluentWait.until(FluentWait.java:272)
	at com.utility.base_class.Wait(base_class.java:287)
	at motorcycleModule.Motorcycle_PerformanceSection.TC_123_PerformanceCateg_AllLinks(Motorcycle_PerformanceSection.java:84)
	at java.base/jdk.internal.reflect.NativeMethodAccessorImpl.invoke0(Native Method)
	at java.base/jdk.internal.reflect.NativeMethodAccessorImpl.invoke(NativeMethodAccessorImpl.java:77)
	at java.base/jdk.internal.reflect.DelegatingMethodAccessorImpl.invoke(DelegatingMethodAccessorImpl.java:43)
	at java.base/java.lang.reflect.Method.invoke(Method.java:568)
	at org.testng.internal.MethodInvocationHelper.invokeMethod(MethodInvocationHelper.java:133)
	at org.testng.internal.TestInvoker.invokeMethod(TestInvoker.java:598)
	at org.testng.internal.TestInvoker.invokeTestMethod(TestInvoker.java:173)
	at org.testng.internal.MethodRunner.runInSequence(MethodRunner.java:46)
	at org.testng.internal.TestInvoker$MethodInvocationAgent.invoke(TestInvoker.java:824)
	at org.testng.internal.TestInvoker.invokeTestMethods(TestInvoker.java:146)
	at org.testng.internal.TestMethodWorker.invokeTestMethods(TestMethodWorker.java:146)
	at org.testng.internal.TestMethodWorker.run(TestMethodWorker.java:128)
	at java.base/java.util.ArrayList.forEach(ArrayList.java:1511)
	at org.testng.TestRunner.privateRun(TestRunner.java:794)
	at org.testng.TestRunner.run(TestRunner.java:596)
	at org.testng.SuiteRunner.runTest(SuiteRunner.java:377)
	at org.testng.SuiteRunner.runSequentially(SuiteRunner.java:371)
	at org.testng.SuiteRunner.privateRun(SuiteRunner.java:332)
	at org.testng.SuiteRunner.run(SuiteRunner.java:276)
	at org.testng.SuiteRunnerWorker.runSuite(SuiteRunnerWorker.java:53)
	at org.testng.SuiteRunnerWorker.run(SuiteRunnerWorker.java:96)
	at org.testng.TestNG.runSuitesSequentially(TestNG.java:1212)
	at org.testng.TestNG.runSuitesLocally(TestNG.java:1134)
	at org.testng.TestNG.runSuites(TestNG.java:1063)
	at org.testng.TestNG.run(TestNG.java:1031)
	at org.testng.remote.AbstractRemoteTestNG.run(AbstractRemoteTestNG.java:115)
	at org.testng.remote.RemoteTestNG.initAndRun(RemoteTestNG.java:251)
	at org.testng.remote.RemoteTestNG.main(RemoteTestNG.java:77)
Caused by: org.openqa.selenium.NoSuchElementException: no such element: Unable to locate element: {&quot;method&quot;:&quot;xpath&quot;,&quot;selector&quot;:&quot;(//a[@href=&apos;https://eshop.heromotocorp.com/accessories-miscellaneous.html&apos;])[2]&quot;}
  (Session info: chrome=118.0.5993.118)
For documentation on this error, please visit: https://www.seleniumhq.org/exceptions/no_such_element.html
Build info: version: &apos;3.141.59&apos;, revision: &apos;e82be7d358&apos;, time: &apos;2018-11-14T08:17:03&apos;
System info: host: &apos;DESKTOP-QVVDLSQ&apos;, ip: &apos;192.168.1.102&apos;, os.name: &apos;Windows 10&apos;, os.arch: &apos;amd64&apos;, os.version: &apos;10.0&apos;, java.version: &apos;17.0.6&apos;
Driver info: org.openqa.selenium.chrome.ChromeDriver
Capabilities {acceptInsecureCerts: false, browserName: chrome, browserVersion: 118.0.5993.118, chrome: {chromedriverVersion: 118.0.5993.70 (e52f33f30b91..., userDataDir: C:\Users\Welcome\AppData\Lo...}, fedcm:accounts: true, goog:chromeOptions: {debuggerAddress: localhost:51220}, javascriptEnabled: true, networkConnectionEnabled: false, pageLoadStrategy: normal, platform: WINDOWS, platformName: WINDOWS, proxy: Proxy(), setWindowRect: true, strictFileInteractability: false, timeouts: {implicit: 0, pageLoad: 300000, script: 30000}, unhandledPromptBehavior: dismiss and notify, webauthn:extension:credBlob: true, webauthn:extension:largeBlob: true, webauthn:extension:minPinLength: true, webauthn:extension:prf: true, webauthn:virtualAuthenticators: true}
Session ID: 28049802be9cfeae17833bce5af42106
*** Element info: {Using=xpath, value=(//a[@href=&apos;https://eshop.heromotocorp.com/accessories-miscellaneous.html&apos;])[2]}
	at java.base/jdk.internal.reflect.NativeConstructorAccessorImpl.newInstance0(Native Method)
	at java.base/jdk.internal.reflect.NativeConstructorAccessorImpl.newInstance(NativeConstructorAccessorImpl.java:77)
	at java.base/jdk.internal.reflect.DelegatingConstructorAccessorImpl.newInstance(DelegatingConstructorAccessorImpl.java:45)
	at java.base/java.lang.reflect.Constructor.newInstanceWithCaller(Constructor.java:499)
	at java.base/java.lang.reflect.Constructor.newInstance(Constructor.java:480)
	at org.openqa.selenium.remote.http.W3CHttpResponseCodec.createException(W3CHttpResponseCodec.java:187)
	at org.openqa.selenium.remote.http.W3CHttpResponseCodec.decode(W3CHttpResponseCodec.java:122)
	at org.openqa.selenium.remote.http.W3CHttpResponseCodec.decode(W3CHttpResponseCodec.java:49)
	at org.openqa.selenium.remote.HttpCommandExecutor.execute(HttpCommandExecutor.java:158)
	at org.openqa.selenium.remote.service.DriverCommandExecutor.execute(DriverCommandExecutor.java:83)
	at org.openqa.selenium.remote.RemoteWebDriver.execute(RemoteWebDriver.java:552)
	at org.openqa.selenium.remote.RemoteWebDriver.findElement(RemoteWebDriver.java:323)
	at org.openqa.selenium.remote.RemoteWebDriver.findElementByXPath(RemoteWebDriver.java:428)
	at org.openqa.selenium.By$ByXPath.findElement(By.java:353)
	at org.openqa.selenium.remote.RemoteWebDriver.findElement(RemoteWebDriver.java:315)
	at org.openqa.selenium.support.pagefactory.DefaultElementLocator.findElement(DefaultElementLocator.java:69)
	at org.openqa.selenium.support.pagefactory.internal.LocatingElementHandler.invoke(LocatingElementHandler.java:38)
	at jdk.proxy2/jdk.proxy2.$Proxy32.isDisplayed(Unknown Source)
	at org.openqa.selenium.support.ui.ExpectedConditions.elementIfVisible(ExpectedConditions.java:314)
	at org.openqa.selenium.support.ui.ExpectedConditions.access$000(ExpectedConditions.java:43)
	at org.openqa.selenium.support.ui.ExpectedConditions$10.apply(ExpectedConditions.java:300)
	at org.openqa.selenium.support.ui.ExpectedConditions$10.apply(ExpectedConditions.java:297)
	at org.openqa.selenium.support.ui.FluentWait.until(FluentWait.java:249)
	... 30 more
</pre></div></td>
<td>87</td>
<td>motorcycleModule.Motorcycle_PerformanceSection@4082ba93</td></tr>
</table><p>
<table width='100%' border='1' class='invocation-passed'>
<tr><td colspan='4' align='center'><b>PASSED TESTS</b></td></tr>
<tr><td><b>Test method</b></td>
<td width="30%"><b>Exception</b></td>
<td width="10%"><b>Time (seconds)</b></td>
<td><b>Instance</b></td>
</tr>
<tr>
<td title='motorcycleModule.Motorcycle_PerformanceSection.TC_124_PerformanceCategPage_XPulse2004V()'><b>TC_124_PerformanceCategPage_XPulse2004V</b><br>Test class: motorcycleModule.Motorcycle_PerformanceSection</td>
<td></td>
<td>40</td>
<td>motorcycleModule.Motorcycle_PerformanceSection@4082ba93</td></tr>
<tr>
<td title='motorcycleModule.Perfromance_ProductPage_XTreme200S4V.TC_154_XTreme200S4V_Book_A_TestRide()'><b>TC_154_XTreme200S4V_Book_A_TestRide</b><br>Test class: motorcycleModule.Perfromance_ProductPage_XTreme200S4V</td>
<td></td>
<td>5</td>
<td>motorcycleModule.Perfromance_ProductPage_XTreme200S4V@514646ef</td></tr>
<tr>
<td title='motorcycleModule.Perfromance_ProductPage_XTreme200S4V.TC_152_XTreme200S4V_Price()'><b>TC_152_XTreme200S4V_Price</b><br>Test class: motorcycleModule.Perfromance_ProductPage_XTreme200S4V</td>
<td></td>
<td>30</td>
<td>motorcycleModule.Perfromance_ProductPage_XTreme200S4V@514646ef</td></tr>
<tr>
<td title='motorcycleModule.Perfromance_ProductPage_XTreme200S4V.TC_150_XTreme200S4V_Specification()'><b>TC_150_XTreme200S4V_Specification</b><br>Test class: motorcycleModule.Perfromance_ProductPage_XTreme200S4V</td>
<td></td>
<td>1</td>
<td>motorcycleModule.Perfromance_ProductPage_XTreme200S4V@514646ef</td></tr>
<tr>
<td title='motorcycleModule.Motorcycle_PerformanceSection.TC_127_PerformanceCategPage_Xtreme200S4V()'><b>TC_127_PerformanceCategPage_Xtreme200S4V</b><br>Test class: motorcycleModule.Motorcycle_PerformanceSection</td>
<td></td>
<td>28</td>
<td>motorcycleModule.Motorcycle_PerformanceSection@4082ba93</td></tr>
<tr>
<td title='motorcycleModule.Perfromance_ProductPage_XTreme200S4V.TC_155_XTreme200S4V_Eshoplinks()'><b>TC_155_XTreme200S4V_Eshoplinks</b><br>Test class: motorcycleModule.Perfromance_ProductPage_XTreme200S4V</td>
<td></td>
<td>17</td>
<td>motorcycleModule.Perfromance_ProductPage_XTreme200S4V@514646ef</td></tr>
<tr>
<td title='motorcycleModule.Perfromance_ProductPage_XTreme200S4V.TC_149_XTreme200S4V_OverView()'><b>TC_149_XTreme200S4V_OverView</b><br>Test class: motorcycleModule.Perfromance_ProductPage_XTreme200S4V</td>
<td></td>
<td>10</td>
<td>motorcycleModule.Perfromance_ProductPage_XTreme200S4V@514646ef</td></tr>
<tr>
<td title='motorcycleModule.Perfromance_ProductPage_XTreme200S4V.TC_153_XTreme200S4V_Find_A_Dealer()'><b>TC_153_XTreme200S4V_Find_A_Dealer</b><br>Test class: motorcycleModule.Perfromance_ProductPage_XTreme200S4V</td>
<td></td>
<td>17</td>
<td>motorcycleModule.Perfromance_ProductPage_XTreme200S4V@514646ef</td></tr>
<tr>
<td title='motorcycleModule.Perfromance_ProductPage_XTreme200S4V.TC_151_XTreme200S4V_Features()'><b>TC_151_XTreme200S4V_Features</b><br>Test class: motorcycleModule.Perfromance_ProductPage_XTreme200S4V</td>
<td></td>
<td>7</td>
<td>motorcycleModule.Perfromance_ProductPage_XTreme200S4V@514646ef</td></tr>
<tr>
<td title='motorcycleModule.Motorcycle_PerformanceSection.TC_122_PerformanceSection_ClickAllBikes()'><b>TC_122_PerformanceSection_ClickAllBikes</b><br>Test class: motorcycleModule.Motorcycle_PerformanceSection</td>
<td></td>
<td>79</td>
<td>motorcycleModule.Motorcycle_PerformanceSection@4082ba93</td></tr>
<tr>
<td title='motorcycleModule.Motorcycle_PerformanceSection.PerformnaceSection_links()'><b>PerformnaceSection_links</b><br>Test class: motorcycleModule.Motorcycle_PerformanceSection</td>
<td></td>
<td>1</td>
<td>motorcycleModule.Motorcycle_PerformanceSection@4082ba93</td></tr>
<tr>
<td title='motorcycleModule.Motorcycle_PerformanceSection.TC_126_PerformanceCategPage_XPulse200T4V()'><b>TC_126_PerformanceCategPage_XPulse200T4V</b><br>Test class: motorcycleModule.Motorcycle_PerformanceSection</td>
<td></td>
<td>20</td>
<td>motorcycleModule.Motorcycle_PerformanceSection@4082ba93</td></tr>
<tr>
<td title='motorcycleModule.Motorcycle_PerformanceSection.TC_125_PerformanceCategPage_Xtreme160R()'><b>TC_125_PerformanceCategPage_Xtreme160R</b><br>Test class: motorcycleModule.Motorcycle_PerformanceSection</td>
<td></td>
<td>27</td>
<td>motorcycleModule.Motorcycle_PerformanceSection@4082ba93</td></tr>
<tr>
<td title='motorcycleModule.Perfromance_ProductPage_XTreme200S4V.Performance_productPage_XTreme200S4V()'><b>Performance_productPage_XTreme200S4V</b><br>Test class: motorcycleModule.Perfromance_ProductPage_XTreme200S4V</td>
<td></td>
<td>2</td>
<td>motorcycleModule.Perfromance_ProductPage_XTreme200S4V@514646ef</td></tr>
</table><p>
</body>
</html>