<?xml version="1.0" encoding="UTF-8"?>
<!-- Generated by org.testng.reporters.JUnitXMLReporter -->
<testsuite ignored="0" hostname="DESKTOP-QVVDLSQ" failures="1" tests="10" name="MotorCycle-Exe-GlamourXtec" time="311.212" errors="0" timestamp="2023-07-04T15:36:19 IST">
  <testcase classname="motorcycleModule.Executive_ProductPage_GlamourXtec" name="Executive_productPage" time="0.353"/>
  <testcase classname="motorcycleModule.Executive_ProductPage_GlamourXtec" name="TC_064_GlamourXtec_RequestCallBack" time="43.109"/>
  <testcase classname="motorcycleModule.Executive_ProductPage_GlamourXtec" name="TC_60_GlamourXTec_Specification" time="9.716"/>
  <testcase classname="motorcycleModule.Executive_ProductPage_GlamourXtec" name="TC_061_GlamourXTec_Price" time="60.577"/>
  <testcase classname="motorcycleModule.Executive_ProductPage_GlamourXtec" name="TC_062_EXE_GlamourXTec_Compare" time="25.415"/>
  <testcase classname="motorcycleModule.Executive_ProductPage_GlamourXtec" name="TC_063_EXE_GlamourXtec_Find_A_Dealer" time="89.884">
    <failure type="org.openqa.selenium.TimeoutException" message="Expected condition failed: waiting for visibility of Proxy element for: DefaultElementLocator &amp;apos;By.xpath: //form[@class=&amp;apos;near-you-form&amp;apos;]//a[normalize-space()=&amp;apos;gurgaon&amp;apos;]&amp;apos; (tried for 30 second(s) with 500 milliseconds interval)">
      <![CDATA[org.openqa.selenium.TimeoutException: Expected condition failed: waiting for visibility of Proxy element for: DefaultElementLocator 'By.xpath: //form[@class='near-you-form']//a[normalize-space()='gurgaon']' (tried for 30 second(s) with 500 milliseconds interval)
at org.openqa.selenium.support.ui.WebDriverWait.timeoutException(WebDriverWait.java:95)
at org.openqa.selenium.support.ui.FluentWait.until(FluentWait.java:272)
at com.utility.base_class.Wait(base_class.java:267)
at motorcycleModule.Executive_ProductPage_GlamourXtec.TC_063_EXE_GlamourXtec_Find_A_Dealer(Executive_ProductPage_GlamourXtec.java:212)
at java.base/java.util.ArrayList.forEach(ArrayList.java:1511)
Caused by: org.openqa.selenium.NoSuchElementException: no such element: Unable to locate element: {"method":"xpath","selector":"//form[@class='near-you-form']//a[normalize-space()='gurgaon']"}
  (Session info: chrome=114.0.5735.199)
For documentation on this error, please visit: https://www.seleniumhq.org/exceptions/no_such_element.html
Build info: version: '3.141.59', revision: 'e82be7d358', time: '2018-11-14T08:17:03'
System info: host: 'DESKTOP-QVVDLSQ', ip: '192.168.1.105', os.name: 'Windows 10', os.arch: 'amd64', os.version: '10.0', java.version: '17.0.6'
Driver info: org.openqa.selenium.chrome.ChromeDriver
Capabilities {acceptInsecureCerts: false, browserName: chrome, browserVersion: 114.0.5735.199, chrome: {chromedriverVersion: 114.0.5735.90 (386bc09e8f4f..., userDataDir: C:\Users\Welcome\AppData\Lo...}, goog:chromeOptions: {debuggerAddress: localhost:56134}, javascriptEnabled: true, networkConnectionEnabled: false, pageLoadStrategy: normal, platform: WINDOWS, platformName: WINDOWS, proxy: Proxy(), setWindowRect: true, strictFileInteractability: false, timeouts: {implicit: 0, pageLoad: 300000, script: 30000}, unhandledPromptBehavior: dismiss and notify, webauthn:extension:credBlob: true, webauthn:extension:largeBlob: true, webauthn:extension:minPinLength: true, webauthn:extension:prf: true, webauthn:virtualAuthenticators: true}
Session ID: 6e229d58dafc7dec61570df63694ca72
*** Element info: {Using=xpath, value=//form[@class='near-you-form']//a[normalize-space()='gurgaon']}
at org.openqa.selenium.remote.http.W3CHttpResponseCodec.createException(W3CHttpResponseCodec.java:187)
at org.openqa.selenium.remote.http.W3CHttpResponseCodec.decode(W3CHttpResponseCodec.java:122)
at org.openqa.selenium.remote.http.W3CHttpResponseCodec.decode(W3CHttpResponseCodec.java:49)
at org.openqa.selenium.remote.HttpCommandExecutor.execute(HttpCommandExecutor.java:158)
at org.openqa.selenium.remote.service.DriverCommandExecutor.execute(DriverCommandExecutor.java:83)
at org.openqa.selenium.remote.RemoteWebDriver.execute(RemoteWebDriver.java:552)
at org.openqa.selenium.remote.RemoteWebDriver.findElement(RemoteWebDriver.java:323)
at org.openqa.selenium.remote.RemoteWebDriver.findElementByXPath(RemoteWebDriver.java:428)
at org.openqa.selenium.By$ByXPath.findElement(By.java:353)
at org.openqa.selenium.remote.RemoteWebDriver.findElement(RemoteWebDriver.java:315)
at org.openqa.selenium.support.pagefactory.DefaultElementLocator.findElement(DefaultElementLocator.java:69)
at org.openqa.selenium.support.pagefactory.internal.LocatingElementHandler.invoke(LocatingElementHandler.java:38)
at jdk.proxy2/jdk.proxy2.$Proxy31.isDisplayed(Unknown Source)
at org.openqa.selenium.support.ui.ExpectedConditions.elementIfVisible(ExpectedConditions.java:314)
at org.openqa.selenium.support.ui.ExpectedConditions.access$000(ExpectedConditions.java:43)
at org.openqa.selenium.support.ui.ExpectedConditions$10.apply(ExpectedConditions.java:300)
at org.openqa.selenium.support.ui.ExpectedConditions$10.apply(ExpectedConditions.java:297)
at org.openqa.selenium.support.ui.FluentWait.until(FluentWait.java:249)
... 30 more
... Removed 32 stack frames]]>
    </failure>
  </testcase> <!-- TC_063_EXE_GlamourXtec_Find_A_Dealer -->
  <testcase classname="motorcycleModule.Executive_ProductPage_GlamourXtec" name="TC_059_EXE_GlamourXTec_Features" time="2.256"/>
  <testcase classname="motorcycleModule.Executive_ProductPage_GlamourXtec" name="TC_065_EXE_GlamourXTec_Colours_360View" time="26.846"/>
  <testcase classname="motorcycleModule.Executive_ProductPage_GlamourXtec" name="TC_066_EXE_GlamourXTec_Book_A_Test_Ride" time="4.928"/>
  <testcase classname="motorcycleModule.Executive_ProductPage_GlamourXtec" name="TC_067_EXE_GlamourXTec_EshopLinks" time="42.484"/>
</testsuite> <!-- MotorCycle-Exe-GlamourXtec -->
