<?xml version="1.0" encoding="UTF-8"?>
<!-- Generated by org.testng.reporters.JUnitReportReporter -->
<testsuite hostname="DESKTOP-QVVDLSQ" failures="0" tests="10" name="motorcycleModule.Executive_ProductPage_GlamourCanvas" time="0.036" errors="1" timestamp="2023-10-27T14:58:20 IST" skipped="9">
  <testcase classname="motorcycleModule.Executive_ProductPage_GlamourCanvas" name="TC_082_GlamourCanvas_RequestCallback" time="0.000">
    <skipped/>
  </testcase> <!-- TC_082_GlamourCanvas_RequestCallback -->
  <system-out/>
  <testcase classname="motorcycleModule.Executive_ProductPage_GlamourCanvas" name="Executive_productPage_GlamourCanvas" time="0.035">
    <error message="no such window: target window already closed
from unknown error: web view not found
  (Session info: chrome=118.0.5993.117)
Build info: version: &#039;3.141.59&#039;, revision: &#039;e82be7d358&#039;, time: &#039;2018-11-14T08:17:03&#039;
System info: host: &#039;DESKTOP-QVVDLSQ&#039;, ip: &#039;192.168.1.102&#039;, os.name: &#039;Windows 10&#039;, os.arch: &#039;amd64&#039;, os.version: &#039;10.0&#039;, java.version: &#039;17.0.6&#039;
Driver info: org.openqa.selenium.chrome.ChromeDriver
Capabilities {acceptInsecureCerts: false, browserName: chrome, browserVersion: 118.0.5993.117, chrome: {chromedriverVersion: 118.0.5993.70 (e52f33f30b91..., userDataDir: C:\Users\Welcome\AppData\Lo...}, fedcm:accounts: true, goog:chromeOptions: {debuggerAddress: localhost:51743}, javascriptEnabled: true, networkConnectionEnabled: false, pageLoadStrategy: normal, platform: WINDOWS, platformName: WINDOWS, proxy: Proxy(), setWindowRect: true, strictFileInteractability: false, timeouts: {implicit: 0, pageLoad: 300000, script: 30000}, unhandledPromptBehavior: dismiss and notify, webauthn:extension:credBlob: true, webauthn:extension:largeBlob: true, webauthn:extension:minPinLength: true, webauthn:extension:prf: true, webauthn:virtualAuthenticators: true}
Session ID: 433d5a60e762b897c9de3e52dc1e20ea" type="org.openqa.selenium.NoSuchWindowException">
      <![CDATA[org.openqa.selenium.NoSuchWindowException: no such window: target window already closed
from unknown error: web view not found
  (Session info: chrome=118.0.5993.117)
Build info: version: '3.141.59', revision: 'e82be7d358', time: '2018-11-14T08:17:03'
System info: host: 'DESKTOP-QVVDLSQ', ip: '192.168.1.102', os.name: 'Windows 10', os.arch: 'amd64', os.version: '10.0', java.version: '17.0.6'
Driver info: org.openqa.selenium.chrome.ChromeDriver
Capabilities {acceptInsecureCerts: false, browserName: chrome, browserVersion: 118.0.5993.117, chrome: {chromedriverVersion: 118.0.5993.70 (e52f33f30b91..., userDataDir: C:\Users\Welcome\AppData\Lo...}, fedcm:accounts: true, goog:chromeOptions: {debuggerAddress: localhost:51743}, javascriptEnabled: true, networkConnectionEnabled: false, pageLoadStrategy: normal, platform: WINDOWS, platformName: WINDOWS, proxy: Proxy(), setWindowRect: true, strictFileInteractability: false, timeouts: {implicit: 0, pageLoad: 300000, script: 30000}, unhandledPromptBehavior: dismiss and notify, webauthn:extension:credBlob: true, webauthn:extension:largeBlob: true, webauthn:extension:minPinLength: true, webauthn:extension:prf: true, webauthn:virtualAuthenticators: true}
Session ID: 433d5a60e762b897c9de3e52dc1e20ea
at jdk.internal.reflect.GeneratedConstructorAccessor26.newInstance(Unknown Source)
at java.base/jdk.internal.reflect.DelegatingConstructorAccessorImpl.newInstance(DelegatingConstructorAccessorImpl.java:45)
at java.base/java.lang.reflect.Constructor.newInstanceWithCaller(Constructor.java:499)
at java.base/java.lang.reflect.Constructor.newInstance(Constructor.java:480)
at org.openqa.selenium.remote.http.W3CHttpResponseCodec.createException(W3CHttpResponseCodec.java:187)
at org.openqa.selenium.remote.http.W3CHttpResponseCodec.decode(W3CHttpResponseCodec.java:122)
at org.openqa.selenium.remote.http.W3CHttpResponseCodec.decode(W3CHttpResponseCodec.java:49)
at org.openqa.selenium.remote.HttpCommandExecutor.execute(HttpCommandExecutor.java:158)
at org.openqa.selenium.remote.service.DriverCommandExecutor.execute(DriverCommandExecutor.java:83)
at org.openqa.selenium.remote.RemoteWebDriver.execute(RemoteWebDriver.java:552)
at org.openqa.selenium.remote.RemoteWebDriver.execute(RemoteWebDriver.java:609)
at org.openqa.selenium.remote.RemoteWebDriver.getTitle(RemoteWebDriver.java:281)
at com.utility.base_class.PageLoaded(base_class.java:266)
at motorcycleModule.Executive_ProductPage_GlamourCanvas.Executive_productPage_GlamourCanvas(Executive_ProductPage_GlamourCanvas.java:33)
at java.base/jdk.internal.reflect.NativeMethodAccessorImpl.invoke0(Native Method)
at java.base/jdk.internal.reflect.NativeMethodAccessorImpl.invoke(NativeMethodAccessorImpl.java:77)
at java.base/jdk.internal.reflect.DelegatingMethodAccessorImpl.invoke(DelegatingMethodAccessorImpl.java:43)
at java.base/java.lang.reflect.Method.invoke(Method.java:568)
at org.testng.internal.MethodInvocationHelper.invokeMethod(MethodInvocationHelper.java:133)
at org.testng.internal.TestInvoker.invokeMethod(TestInvoker.java:598)
at org.testng.internal.TestInvoker.invokeTestMethod(TestInvoker.java:173)
at org.testng.internal.MethodRunner.runInSequence(MethodRunner.java:46)
at org.testng.internal.TestInvoker$MethodInvocationAgent.invoke(TestInvoker.java:824)
at org.testng.internal.TestInvoker.invokeTestMethods(TestInvoker.java:146)
at org.testng.internal.TestMethodWorker.invokeTestMethods(TestMethodWorker.java:146)
at org.testng.internal.TestMethodWorker.run(TestMethodWorker.java:128)
at java.base/java.util.ArrayList.forEach(ArrayList.java:1511)
at org.testng.TestRunner.privateRun(TestRunner.java:794)
at org.testng.TestRunner.run(TestRunner.java:596)
at org.testng.SuiteRunner.runTest(SuiteRunner.java:377)
at org.testng.SuiteRunner.runSequentially(SuiteRunner.java:371)
at org.testng.SuiteRunner.privateRun(SuiteRunner.java:332)
at org.testng.SuiteRunner.run(SuiteRunner.java:276)
at org.testng.SuiteRunnerWorker.runSuite(SuiteRunnerWorker.java:53)
at org.testng.SuiteRunnerWorker.run(SuiteRunnerWorker.java:96)
at org.testng.TestNG.runSuitesSequentially(TestNG.java:1212)
at org.testng.TestNG.runSuitesLocally(TestNG.java:1134)
at org.testng.TestNG.runSuites(TestNG.java:1063)
at org.testng.TestNG.run(TestNG.java:1031)
at org.testng.remote.AbstractRemoteTestNG.run(AbstractRemoteTestNG.java:115)
at org.testng.remote.RemoteTestNG.initAndRun(RemoteTestNG.java:251)
at org.testng.remote.RemoteTestNG.main(RemoteTestNG.java:77)
]]>
    </error>
  </testcase> <!-- Executive_productPage_GlamourCanvas -->
  <system-out/>
  <testcase classname="motorcycleModule.Executive_ProductPage_GlamourCanvas" name="TC_078_GlamourCanvas_Specification" time="0.000">
    <skipped/>
  </testcase> <!-- TC_078_GlamourCanvas_Specification -->
  <system-out/>
  <testcase classname="motorcycleModule.Executive_ProductPage_GlamourCanvas" name="TC_079_GlamourCanvas_Price" time="0.000">
    <skipped/>
  </testcase> <!-- TC_079_GlamourCanvas_Price -->
  <system-out/>
  <testcase classname="motorcycleModule.Executive_ProductPage_GlamourCanvas" name="TC_080_GlamourCanvas_Compare" time="0.000">
    <skipped/>
  </testcase> <!-- TC_080_GlamourCanvas_Compare -->
  <system-out/>
  <testcase classname="motorcycleModule.Executive_ProductPage_GlamourCanvas" name="TC_081_GlamourCanvas_Find_A_Dealer" time="0.000">
    <skipped/>
  </testcase> <!-- TC_081_GlamourCanvas_Find_A_Dealer -->
  <system-out/>
  <testcase classname="motorcycleModule.Executive_ProductPage_GlamourCanvas" name="TC_077_GlamourCanvas_Features" time="0.000">
    <skipped/>
  </testcase> <!-- TC_077_GlamourCanvas_Features -->
  <system-out/>
  <testcase classname="motorcycleModule.Executive_ProductPage_GlamourCanvas" name="TC_083_GlamourCanvas_Colours_360View" time="0.001">
    <skipped/>
  </testcase> <!-- TC_083_GlamourCanvas_Colours_360View -->
  <system-out/>
  <testcase classname="motorcycleModule.Executive_ProductPage_GlamourCanvas" name="TC_084_EXE_GlamourCanvas_Book_A_Test_Ride" time="0.000">
    <skipped/>
  </testcase> <!-- TC_084_EXE_GlamourCanvas_Book_A_Test_Ride -->
  <system-out/>
  <testcase classname="motorcycleModule.Executive_ProductPage_GlamourCanvas" name="TC_085_EXE_GlamourCanvas_EshopLinks" time="0.000">
    <skipped/>
  </testcase> <!-- TC_085_EXE_GlamourCanvas_EshopLinks -->
  <system-out/>
</testsuite> <!-- motorcycleModule.Executive_ProductPage_GlamourCanvas -->
